# JRE version: Java(TM) SE Runtime Environment (21.0.2+13) (build 21.0.2+13-LTS-58)
# Java VM: Java HotSpot(TM) 64-Bit Server VM (21.0.2+13-LTS-58, mixed mode, sharing, tiered, compressed oops, compressed class ptrs, g1 gc, windows-amd64)
GC Precious Log:
 CardTable entry size: 512
 Card Set container configuration: InlinePtr #cards 5 size 8 Array Of Cards #cards 12 size 40 Howl #buckets 4 coarsen threshold 1843 Howl Bitmap #cards 512 size 80 coarsen threshold 460 Card regions per heap region 1 cards per card region 2048
 CPUs: 4 total, 4 available
 Memory: 3948M
 Large Page Support: Disabled
 NUMA Support: Disabled
 Compressed Oops: Enabled (32-bit)
 Heap Region Size: 1M
 Heap Min Capacity: 256M
 Heap Initial Capacity: 256M
 Heap Max Capacity: 512M
 Pre-touch: Disabled
 Parallel Workers: 4
 Concurrent Workers: 1
 Concurrent Refinement Workers: 4
 Periodic GC: Disabled
Heap:
 garbage-first heap   total 262144K, used 97845K [0x00000000e0000000, 0x0000000100000000)
  region size 1024K, 58 young (59392K), 5 survivors (5120K)
 Metaspace       used 65516K, committed 67392K, reserved 393216K
  class space    used 9309K, committed 10240K, reserved 327680K
GC Heap History (20 events):
Event: 1.296 GC heap before
{Heap before GC invocations=0 (full 0):
 garbage-first heap   total 262144K, used 13312K [0x00000000e0000000, 0x0000000100000000)
  region size 1024K, 13 young (13312K), 0 survivors (0K)
 Metaspace       used 995K, committed 1088K, reserved 393216K
  class space    used 79K, committed 128K, reserved 327680K
}
Event: 1.307 GC heap after
{Heap after GC invocations=1 (full 0):
 garbage-first heap   total 262144K, used 2672K [0x00000000e0000000, 0x0000000100000000)
  region size 1024K, 2 young (2048K), 2 survivors (2048K)
 Metaspace       used 995K, committed 1088K, reserved 393216K
  class space    used 79K, committed 128K, reserved 327680K
}
Event: 2.940 GC heap before
{Heap before GC invocations=1 (full 0):
 garbage-first heap   total 262144K, used 27248K [0x00000000e0000000, 0x0000000100000000)
  region size 1024K, 23 young (23552K), 2 survivors (2048K)
 Metaspace       used 4092K, committed 4352K, reserved 393216K
  class space    used 503K, committed 640K, reserved 327680K
}
Event: 2.947 GC heap after
{Heap after GC invocations=2 (full 0):
 garbage-first heap   total 262144K, used 10754K [0x00000000e0000000, 0x0000000100000000)
  region size 1024K, 3 young (3072K), 3 survivors (3072K)
 Metaspace       used 4092K, committed 4352K, reserved 393216K
  class space    used 503K, committed 640K, reserved 327680K
}
Event: 3.698 GC heap before
{Heap before GC invocations=2 (full 0):
 garbage-first heap   total 262144K, used 36354K [0x00000000e0000000, 0x0000000100000000)
  region size 1024K, 28 young (28672K), 3 survivors (3072K)
 Metaspace       used 4209K, committed 4416K, reserved 393216K
  class space    used 504K, committed 640K, reserved 327680K
}
Event: 3.703 GC heap after
{Heap after GC invocations=3 (full 0):
 garbage-first heap   total 262144K, used 15115K [0x00000000e0000000, 0x0000000100000000)
  region size 1024K, 4 young (4096K), 4 survivors (4096K)
 Metaspace       used 4209K, committed 4416K, reserved 393216K
  class space    used 504K, committed 640K, reserved 327680K
}
Event: 8.159 GC heap before
{Heap before GC invocations=3 (full 0):
 garbage-first heap   total 262144K, used 108299K [0x00000000e0000000, 0x0000000100000000)
  region size 1024K, 96 young (98304K), 4 survivors (4096K)
 Metaspace       used 20819K, committed 21504K, reserved 393216K
  class space    used 2985K, committed 3328K, reserved 327680K
}
Event: 8.178 GC heap after
{Heap after GC invocations=4 (full 0):
 garbage-first heap   total 262144K, used 22832K [0x00000000e0000000, 0x0000000100000000)
  region size 1024K, 12 young (12288K), 12 survivors (12288K)
 Metaspace       used 20819K, committed 21504K, reserved 393216K
  class space    used 2985K, committed 3328K, reserved 327680K
}
Event: 18.037 GC heap before
{Heap before GC invocations=5 (full 0):
 garbage-first heap   total 262144K, used 110896K [0x00000000e0000000, 0x0000000100000000)
  region size 1024K, 100 young (102400K), 12 survivors (12288K)
 Metaspace       used 34732K, committed 35968K, reserved 393216K
  class space    used 5033K, committed 5632K, reserved 327680K
}
Event: 18.069 GC heap after
{Heap after GC invocations=6 (full 0):
 garbage-first heap   total 262144K, used 29994K [0x00000000e0000000, 0x0000000100000000)
  region size 1024K, 8 young (8192K), 8 survivors (8192K)
 Metaspace       used 34732K, committed 35968K, reserved 393216K
  class space    used 5033K, committed 5632K, reserved 327680K
}
Event: 18.122 GC heap before
{Heap before GC invocations=6 (full 0):
 garbage-first heap   total 262144K, used 29994K [0x00000000e0000000, 0x0000000100000000)
  region size 1024K, 9 young (9216K), 8 survivors (8192K)
 Metaspace       used 35025K, committed 36288K, reserved 393216K
  class space    used 5059K, committed 5696K, reserved 327680K
}
Event: 18.139 GC heap after
{Heap after GC invocations=7 (full 0):
 garbage-first heap   total 262144K, used 29696K [0x00000000e0000000, 0x0000000100000000)
  region size 1024K, 1 young (1024K), 1 survivors (1024K)
 Metaspace       used 35025K, committed 36288K, reserved 393216K
  class space    used 5059K, committed 5696K, reserved 327680K
}
Event: 18.344 GC heap before
{Heap before GC invocations=7 (full 0):
 garbage-first heap   total 262144K, used 31744K [0x00000000e0000000, 0x0000000100000000)
  region size 1024K, 5 young (5120K), 1 survivors (1024K)
 Metaspace       used 35371K, committed 36608K, reserved 393216K
  class space    used 5088K, committed 5696K, reserved 327680K
}
Event: 18.347 GC heap after
{Heap after GC invocations=8 (full 0):
 garbage-first heap   total 262144K, used 29464K [0x00000000e0000000, 0x0000000100000000)
  region size 1024K, 1 young (1024K), 1 survivors (1024K)
 Metaspace       used 35371K, committed 36608K, reserved 393216K
  class space    used 5088K, committed 5696K, reserved 327680K
}
Event: 26.953 GC heap before
{Heap before GC invocations=9 (full 0):
 garbage-first heap   total 262144K, used 191256K [0x00000000e0000000, 0x0000000100000000)
  region size 1024K, 153 young (156672K), 1 survivors (1024K)
 Metaspace       used 54665K, committed 56320K, reserved 393216K
  class space    used 7670K, committed 8512K, reserved 327680K
}
Event: 26.974 GC heap after
{Heap after GC invocations=10 (full 0):
 garbage-first heap   total 262144K, used 40627K [0x00000000e0000000, 0x0000000100000000)
  region size 1024K, 12 young (12288K), 12 survivors (12288K)
 Metaspace       used 54665K, committed 56320K, reserved 393216K
  class space    used 7670K, committed 8512K, reserved 327680K
}
Event: 30.854 GC heap before
{Heap before GC invocations=10 (full 0):
 garbage-first heap   total 262144K, used 90803K [0x00000000e0000000, 0x0000000100000000)
  region size 1024K, 62 young (63488K), 12 survivors (12288K)
 Metaspace       used 59508K, committed 61248K, reserved 393216K
  class space    used 8475K, committed 9344K, reserved 327680K
}
Event: 30.891 GC heap after
{Heap after GC invocations=11 (full 0):
 garbage-first heap   total 262144K, used 44699K [0x00000000e0000000, 0x0000000100000000)
  region size 1024K, 5 young (5120K), 5 survivors (5120K)
 Metaspace       used 59508K, committed 61248K, reserved 393216K
  class space    used 8475K, committed 9344K, reserved 327680K
}
Event: 30.947 GC heap before
{Heap before GC invocations=11 (full 0):
 garbage-first heap   total 262144K, used 46747K [0x00000000e0000000, 0x0000000100000000)
  region size 1024K, 8 young (8192K), 5 survivors (5120K)
 Metaspace       used 59791K, committed 61568K, reserved 393216K
  class space    used 8508K, committed 9408K, reserved 327680K
}
Event: 30.956 GC heap after
{Heap after GC invocations=12 (full 0):
 garbage-first heap   total 262144K, used 44597K [0x00000000e0000000, 0x0000000100000000)
  region size 1024K, 5 young (5120K), 5 survivors (5120K)
 Metaspace       used 59791K, committed 61568K, reserved 393216K
  class space    used 8508K, committed 9408K, reserved 327680K
}

